<?xml version="1.0" encoding="UTF-8"?>
<testsuite name="banking.StorageTest" tests="3" skipped="0" failures="0" errors="0" timestamp="2024-08-29T09:02:26" hostname="SCOTT" time="0.006">
  <properties/>
  <testcase name="store_valid_transfer_command()" classname="banking.StorageTest" time="0.002"/>
  <testcase name="getValidCommand_returns_correct_map()" classname="banking.StorageTest" time="0.001"/>
  <testcase name="add_invalid_command()" classname="banking.StorageTest" time="0.001"/>
  <system-out><![CDATA[]]></system-out>
  <system-err><![CDATA[]]></system-err>
</testsuite>
