<?xml version="1.0" encoding="UTF-8"?>
<testsuite name="banking.DepositProcessorTest" tests="8" skipped="0" failures="0" errors="0" timestamp="2024-09-18T20:24:37" hostname="SCOTT" time="0.025">
  <properties/>
  <testcase name="deposit_into_new_cd_account()" classname="banking.DepositProcessorTest" time="0.003"/>
  <testcase name="deposit_multiple_times_into_same_saving_account()" classname="banking.DepositProcessorTest" time="0.002"/>
  <testcase name="deposit_into_new_checking_account()" classname="banking.DepositProcessorTest" time="0.003"/>
  <testcase name="deposit_into_existing_checking_account()" classname="banking.DepositProcessorTest" time="0.001"/>
  <testcase name="deposit_multiple_times_into_same_checking_account()" classname="banking.DepositProcessorTest" time="0.002"/>
  <testcase name="deposit_into_existing_saving_account()" classname="banking.DepositProcessorTest" time="0.002"/>
  <testcase name="deposit_into_new_saving_account()" classname="banking.DepositProcessorTest" time="0.002"/>
  <testcase name="deposit_multiple_times_into_same_cd_account()" classname="banking.DepositProcessorTest" time="0.0"/>
  <system-out><![CDATA[]]></system-out>
  <system-err><![CDATA[]]></system-err>
</testsuite>
