<?xml version="1.0" encoding="UTF-8"?>
<testsuite name="CdTest" tests="1" skipped="0" failures="0" errors="0" timestamp="2024-07-17T19:58:51" hostname="SCOTT" time="0.0">
  <properties/>
  <testcase name="open_cd_with_1000_balance()" classname="CdTest" time="0.0"/>
  <system-out><![CDATA[]]></system-out>
  <system-err><![CDATA[]]></system-err>
</testsuite>
