<?xml version="1.0" encoding="UTF-8"?>
<testsuite name="banking.TransferProcessorTest" tests="4" skipped="0" failures="0" errors="0" timestamp="2024-09-18T20:24:38" hostname="SCOTT" time="0.008">
  <properties/>
  <testcase name="transfer_200_from_saving_to_checking_valid()" classname="banking.TransferProcessorTest" time="0.002"/>
  <testcase name="transfer_100_from_checking_to_checking_valid()" classname="banking.TransferProcessorTest" time="0.001"/>
  <testcase name="transfer_200_from_checking_to_saving_valid()" classname="banking.TransferProcessorTest" time="0.001"/>
  <testcase name="transfer_450_from_saving_to_saving_valid()" classname="banking.TransferProcessorTest" time="0.001"/>
  <system-out><![CDATA[]]></system-out>
  <system-err><![CDATA[]]></system-err>
</testsuite>
