<?xml version="1.0" encoding="UTF-8"?>
<testsuite name="AccountTest" tests="4" skipped="0" failures="0" errors="0" timestamp="2024-07-17T19:58:51" hostname="SCOTT" time="0.025">
  <properties/>
  <testcase name="open_checking_with_zero_balance()" classname="AccountTest" time="0.021"/>
  <testcase name="apr_0()" classname="AccountTest" time="0.001"/>
  <testcase name="balance_increases_by_the_amount_deposited_200_twice()" classname="AccountTest" time="0.001"/>
  <testcase name="balance_300_decreases_by_the_amount_withdrawn_200_twice()" classname="AccountTest" time="0.0"/>
  <system-out><![CDATA[]]></system-out>
  <system-err><![CDATA[]]></system-err>
</testsuite>
