<?xml version="1.0" encoding="UTF-8"?>
<testsuite name="banking.CommandProcessorTest" tests="2" skipped="0" failures="0" errors="0" timestamp="2024-09-18T20:24:37" hostname="SCOTT" time="0.017">
  <properties/>
  <testcase name="withdraw_money_existing_checking_account()" classname="banking.CommandProcessorTest" time="0.011"/>
  <testcase name="test_formatNumber_with_rounding_floor()" classname="banking.CommandProcessorTest" time="0.004"/>
  <system-out><![CDATA[]]></system-out>
  <system-err><![CDATA[]]></system-err>
</testsuite>
