<?xml version="1.0" encoding="UTF-8"?>
<testsuite name="AccountTest" tests="9" skipped="0" failures="0" errors="0" timestamp="2024-08-01T13:18:07" hostname="SCOTT" time="0.054">
  <properties/>
  <testcase name="open_checking_with_zero_balance()" classname="AccountTest" time="0.031"/>
  <testcase name="balance_increases_by_the_amount_deposited_300_twice()" classname="AccountTest" time="0.002"/>
  <testcase name="open_cd_with_1000_balance()" classname="AccountTest" time="0.001"/>
  <testcase name="balance_300_decreases_by_the_amount_withdrawn_200()" classname="AccountTest" time="0.002"/>
  <testcase name="balance_increases_by_the_amount_deposited_200()" classname="AccountTest" time="0.002"/>
  <testcase name="apr_0()" classname="AccountTest" time="0.002"/>
  <testcase name="balance_increases_by_the_amount_deposited_200_twice()" classname="AccountTest" time="0.001"/>
  <testcase name="balance_300_decreases_by_the_amount_withdrawn_200_twice()" classname="AccountTest" time="0.001"/>
  <testcase name="balance_400_decreases_by_the_amount_withdrawn_300_twice()" classname="AccountTest" time="0.001"/>
  <system-out><![CDATA[]]></system-out>
  <system-err><![CDATA[]]></system-err>
</testsuite>
