<?xml version="1.0" encoding="UTF-8"?>
<testsuite name="banking.CreateProcessorTest" tests="5" skipped="0" failures="0" errors="0" timestamp="2024-08-19T20:15:20" hostname="SCOTT" time="0.017">
  <properties/>
  <testcase name="create_checking_with_0_percent_apr()" classname="banking.CreateProcessorTest" time="0.003"/>
  <testcase name="create_cd_with_2_percent_apr_$1000_initial_balance()" classname="banking.CreateProcessorTest" time="0.001"/>
  <testcase name="create_saving_with_with_0_initial_balance()" classname="banking.CreateProcessorTest" time="0.001"/>
  <testcase name="create_checking_with_0_initial_balance()" classname="banking.CreateProcessorTest" time="0.002"/>
  <testcase name="create_saving_with_3_percent_apr()" classname="banking.CreateProcessorTest" time="0.003"/>
  <system-out><![CDATA[]]></system-out>
  <system-err><![CDATA[]]></system-err>
</testsuite>
