<?xml version="1.0" encoding="UTF-8"?>
<testsuite name="banking.BankTest" tests="6" skipped="0" failures="0" errors="0" timestamp="2024-08-19T20:15:20" hostname="SCOTT" time="0.013">
  <properties/>
  <testcase name="withdrawing_300_twice_by_account_id()" classname="banking.BankTest" time="0.002"/>
  <testcase name="search_for_account_by_amount()" classname="banking.BankTest" time="0.002"/>
  <testcase name="test_add_two_accounts()" classname="banking.BankTest" time="0.001"/>
  <testcase name="test_transfer_money_by_ID()" classname="banking.BankTest" time="0.001"/>
  <testcase name="retrieving_1_account_from_the_myBank()" classname="banking.BankTest" time="0.002"/>
  <testcase name="deposit_300_twice_by_account_id()" classname="banking.BankTest" time="0.0"/>
  <system-out><![CDATA[]]></system-out>
  <system-err><![CDATA[]]></system-err>
</testsuite>
