<?xml version="1.0" encoding="UTF-8"?>
<testsuite name="banking.SavingTest" tests="2" skipped="0" failures="0" errors="0" timestamp="2024-08-29T09:02:26" hostname="SCOTT" time="0.003">
  <properties/>
  <testcase name="balance_increases_by_the_amount_deposited_300_twice()" classname="banking.SavingTest" time="0.002"/>
  <testcase name="balance_400_decreases_by_the_amount_withdrawn_300_twice()" classname="banking.SavingTest" time="0.001"/>
  <system-out><![CDATA[]]></system-out>
  <system-err><![CDATA[]]></system-err>
</testsuite>
