<?xml version="1.0" encoding="UTF-8"?>
<testsuite name="banking.WithdrawalProcessorTest" tests="4" skipped="0" failures="0" errors="0" timestamp="2024-09-18T20:24:38" hostname="SCOTT" time="0.009">
  <properties/>
  <testcase name="withdraw_money_existing_checking_account()" classname="banking.WithdrawalProcessorTest" time="0.002"/>
  <testcase name="withdraw_money_more_than_balance_existing_checking_account()" classname="banking.WithdrawalProcessorTest" time="0.001"/>
  <testcase name="withdraw_money_existing_savings_account()" classname="banking.WithdrawalProcessorTest" time="0.002"/>
  <testcase name="withdraw_money_more_than_balance_existing_savings_account()" classname="banking.WithdrawalProcessorTest" time="0.001"/>
  <system-out><![CDATA[]]></system-out>
  <system-err><![CDATA[]]></system-err>
</testsuite>
